<?xml version="1.0" encoding="UTF-8"?>
<!-- Generated by org.testng.reporters.JUnitReportReporter -->
<testsuite skipped="0" hostname="LAPTOP-FV2J3VPJ" name="SeleniumCode.TESTNG" tests="2" failures="0" timestamp="25 Jul 2020 08:54:11 GMT" time="12.626" errors="0">
  <testcase name="login" time="7.164" classname="SeleniumCode.TESTNG"/>
  <testcase name="login" time="5.462" classname="SeleniumCode.TESTNG"/>
</testsuite> <!-- SeleniumCode.TESTNG -->
