<?xml version="1.0" encoding="UTF-8"?>
<!-- Generated by org.testng.reporters.JUnitReportReporter -->
<testsuite skipped="0" hostname="LAPTOP-FV2J3VPJ" name="PracticeSessions.Gmail" tests="2" failures="0" timestamp="25 Jul 2020 12:23:52 GMT" time="29.234" errors="0">
  <testcase name="test2" time="13.666" classname="PracticeSessions.Gmail"/>
  <testcase name="test2" time="15.568" classname="PracticeSessions.Gmail"/>
</testsuite> <!-- PracticeSessions.Gmail -->
